This is e-upTeX, Version 3.141592653-p4.1.0-u1.29-230214-2.6 (utf8.sjis) (TeX Live 2023) (preloaded format=platex 2023.9.30)  24 OCT 2023 06:39
entering extended mode
 restricted \write18 enabled.
 %&-line parsing enabled.
**c:/Users/yusuke/OneDrive/Documents/tex/mondai-yusuke-PC
(c:/Users/yusuke/OneDrive/Documents/tex/mondai-yusuke-PC.tex
pLaTeX2e <2023-02-14>+1, based on
LaTeX2e <2023-06-01> patch level 1
L3 programming layer <2023-08-29>

! LaTeX Error: Missing \begin{document}.

See the LaTeX manual or LaTeX Companion for explanation.
Type  H <return>  for immediate help.
 ...                                              
                                                  
l.1 <
     <<<<<< HEAD
? 
! Emergency stop.
 ...                                              
                                                  
l.1 <
     <<<<<< HEAD
You're in trouble here.  Try typing  <return>  to proceed.
If that doesn't work, type  X <return>  to quit.

 
Here is how much of TeX's memory you used:
 19 strings out of 475586
 613 string characters out of 5777861
 1910621 words of memory out of 5000000
 21668 multiletter control sequences out of 15000+600000
 561940 words of font info for 53 fonts, out of 8000000 for 9000
 929 hyphenation exceptions out of 8191
 15i,0n,23p,103b,18s stack positions out of 10000i,1000n,20000p,200000b,200000s
No pages of output.
